<?xml version="1.0" encoding="UTF-8"?>
<testng-results skipped="0" failed="0" ignored="0" total="2" passed="2">
  <reporter-output>
  </reporter-output>
  <suite name="Suite" duration-ms="70682" started-at="2019-08-28T02:18:39Z" finished-at="2019-08-28T02:19:49Z">
    <groups>
    </groups>
    <test name="Testonchrome" duration-ms="38615" started-at="2019-08-28T02:18:39Z" finished-at="2019-08-28T02:19:17Z">
      <class name="multipleBrowsersInstances">
        <test-method status="PASS" signature="mailTest(java.lang.String)[pri:0, instance:multipleBrowsersInstances@7f9a81e8]" name="mailTest" duration-ms="38569" started-at="2019-08-28T07:48:39Z" finished-at="2019-08-28T07:49:17Z">
          <params>
            <param index="0">
              <value>
                <![CDATA[chrome]]>
              </value>
            </param>
          </params>
          <reporter-output>
          </reporter-output>
        </test-method> <!-- mailTest -->
      </class> <!-- multipleBrowsersInstances -->
    </test> <!-- Testonchrome -->
    <test name="Testonfirefox" duration-ms="70682" started-at="2019-08-28T02:18:39Z" finished-at="2019-08-28T02:19:49Z">
      <class name="multipleBrowsersInstances">
        <test-method status="PASS" signature="mailTest(java.lang.String)[pri:0, instance:multipleBrowsersInstances@174d20a]" name="mailTest" duration-ms="70635" started-at="2019-08-28T07:48:39Z" finished-at="2019-08-28T07:49:49Z">
          <params>
            <param index="0">
              <value>
                <![CDATA[firefox]]>
              </value>
            </param>
          </params>
          <reporter-output>
          </reporter-output>
        </test-method> <!-- mailTest -->
      </class> <!-- multipleBrowsersInstances -->
    </test> <!-- Testonfirefox -->
  </suite> <!-- Suite -->
</testng-results>
